
--2022-09-19 15:53:47--  https://www.culturaydeporte.gob.es/dam/jcr:4b9b9ac3-2c35-4cbc-b871-471780b0062f/top-25-9-11-septiembre-2022.pdf
Resolving www.culturaydeporte.gob.es... 212.128.117.22
Connecting to www.culturaydeporte.gob.es|212.128.117.22|:443... connected.
HTTP request sent, awaiting response... 200 OK
Length: 153482 (150K) [application/pdf]
Saving to: '../_temp/top-25-9-11-septiembre-2022.pdf'

     0K .......... .......... .......... .......... .......... 33% 5,08M 0s
    50K .......... .......... .......... .......... .......... 66% 11,5M 0s
   100K .......... .......... .......... .......... ......... 100% 6,69M=0,02s

2022-09-19 15:53:47 (6,93 MB/s) - '../_temp/top-25-9-11-septiembre-2022.pdf' saved [153482/153482]


--2022-09-19 15:53:48--  https://www.culturaydeporte.gob.es/dam/jcr:ca7e09bc-0148-4db2-84f5-4a8738b72c1c/topespanol-9-11-septiembre-2022.pdf
Resolving www.culturaydeporte.gob.es... 212.128.117.22
Connecting to www.culturaydeporte.gob.es|212.128.117.22|:443... connected.
HTTP request sent, awaiting response... 200 OK
Length: 157687 (154K) [application/pdf]
Saving to: '../_temp/topespanol-9-11-septiembre-2022.pdf'

     0K .......... .......... .......... .......... .......... 32% 4,85M 0s
    50K .......... .......... .......... .......... .......... 64% 13,3M 0s
   100K .......... .......... .......... .......... .......... 97% 10,6M 0s
   150K ...                                                   100% 76,1G=0,02s

2022-09-19 15:53:48 (8,20 MB/s) - '../_temp/topespanol-9-11-septiembre-2022.pdf' saved [157687/157687]


--2022-09-19 15:53:48--  https://www.culturaydeporte.gob.es/dam/jcr:a556de8d-5ff5-4228-8279-892d3131571a/acumulado-11-septiembre-2022.pdf
Resolving www.culturaydeporte.gob.es... 212.128.117.22
Connecting to www.culturaydeporte.gob.es|212.128.117.22|:443... connected.
HTTP request sent, awaiting response... 200 OK
Length: 301307 (294K) [application/pdf]
Saving to: '../_temp/acumulado-11-septiembre-2022.pdf'

     0K .......... .......... .......... .......... .......... 16% 2,68M 0s
    50K .......... .......... .......... .......... .......... 33% 9,11M 0s
   100K .......... .......... .......... .......... .......... 50% 15,2M 0s
   150K .......... .......... .......... .......... .......... 67% 13,5M 0s
   200K .......... .......... .......... .......... .......... 84% 15,0M 0s
   250K .......... .......... .......... .......... ....      100% 15,3M=0,04s

2022-09-19 15:53:48 (7,87 MB/s) - '../_temp/acumulado-11-septiembre-2022.pdf' saved [301307/301307]

